<?xml version="1.0" encoding="UTF-8"?>
<testsuite xmlns:xsi="http://www.w3.org/2001/XMLSchema-instance" xsi:noNamespaceSchemaLocation="https://maven.apache.org/surefire/maven-surefire-plugin/xsd/surefire-test-report.xsd" name="com.honor.mybatisplus.FastAutoGeneratorTest" time="3.49" tests="1" errors="0" skipped="0" failures="0">
  <properties>
    <property name="sun.desktop" value="windows"/>
    <property name="awt.toolkit" value="sun.awt.windows.WToolkit"/>
    <property name="java.specification.version" value="11"/>
    <property name="sun.cpu.isalist" value="amd64"/>
    <property name="sun.jnu.encoding" value="GBK"/>
    <property name="java.class.path" value="F:\Java\project\demo\Mybatis-Plus\target\test-classes;F:\Java\project\demo\Mybatis-Plus\target\classes;E:\tool\maven_jar\org\springframework\boot\spring-boot-starter\2.6.3\spring-boot-starter-2.6.3.jar;E:\tool\maven_jar\org\springframework\boot\spring-boot\2.6.3\spring-boot-2.6.3.jar;E:\tool\maven_jar\org\springframework\boot\spring-boot-autoconfigure\2.6.3\spring-boot-autoconfigure-2.6.3.jar;E:\tool\maven_jar\org\springframework\boot\spring-boot-starter-logging\2.6.3\spring-boot-starter-logging-2.6.3.jar;E:\tool\maven_jar\ch\qos\logback\logback-classic\1.2.10\logback-classic-1.2.10.jar;E:\tool\maven_jar\ch\qos\logback\logback-core\1.2.10\logback-core-1.2.10.jar;E:\tool\maven_jar\org\apache\logging\log4j\log4j-to-slf4j\2.17.1\log4j-to-slf4j-2.17.1.jar;E:\tool\maven_jar\org\apache\logging\log4j\log4j-api\2.17.1\log4j-api-2.17.1.jar;E:\tool\maven_jar\org\slf4j\jul-to-slf4j\1.7.33\jul-to-slf4j-1.7.33.jar;E:\tool\maven_jar\jakarta\annotation\jakarta.annotation-api\1.3.5\jakarta.annotation-api-1.3.5.jar;E:\tool\maven_jar\org\springframework\spring-core\5.3.15\spring-core-5.3.15.jar;E:\tool\maven_jar\org\springframework\spring-jcl\5.3.15\spring-jcl-5.3.15.jar;E:\tool\maven_jar\org\yaml\snakeyaml\1.29\snakeyaml-1.29.jar;E:\tool\maven_jar\org\springframework\boot\spring-boot-starter-test\2.6.3\spring-boot-starter-test-2.6.3.jar;E:\tool\maven_jar\org\springframework\boot\spring-boot-test\2.6.3\spring-boot-test-2.6.3.jar;E:\tool\maven_jar\org\springframework\boot\spring-boot-test-autoconfigure\2.6.3\spring-boot-test-autoconfigure-2.6.3.jar;E:\tool\maven_jar\com\jayway\jsonpath\json-path\2.6.0\json-path-2.6.0.jar;E:\tool\maven_jar\net\minidev\json-smart\2.4.7\json-smart-2.4.7.jar;E:\tool\maven_jar\net\minidev\accessors-smart\2.4.7\accessors-smart-2.4.7.jar;E:\tool\maven_jar\org\ow2\asm\asm\9.1\asm-9.1.jar;E:\tool\maven_jar\org\slf4j\slf4j-api\1.7.33\slf4j-api-1.7.33.jar;E:\tool\maven_jar\jakarta\xml\bind\jakarta.xml.bind-api\2.3.3\jakarta.xml.bind-api-2.3.3.jar;E:\tool\maven_jar\jakarta\activation\jakarta.activation-api\1.2.2\jakarta.activation-api-1.2.2.jar;E:\tool\maven_jar\org\assertj\assertj-core\3.21.0\assertj-core-3.21.0.jar;E:\tool\maven_jar\org\hamcrest\hamcrest\2.2\hamcrest-2.2.jar;E:\tool\maven_jar\org\junit\jupiter\junit-jupiter\5.8.2\junit-jupiter-5.8.2.jar;E:\tool\maven_jar\org\junit\jupiter\junit-jupiter-api\5.8.2\junit-jupiter-api-5.8.2.jar;E:\tool\maven_jar\org\opentest4j\opentest4j\1.2.0\opentest4j-1.2.0.jar;E:\tool\maven_jar\org\junit\platform\junit-platform-commons\1.8.2\junit-platform-commons-1.8.2.jar;E:\tool\maven_jar\org\apiguardian\apiguardian-api\1.1.2\apiguardian-api-1.1.2.jar;E:\tool\maven_jar\org\junit\jupiter\junit-jupiter-params\5.8.2\junit-jupiter-params-5.8.2.jar;E:\tool\maven_jar\org\junit\jupiter\junit-jupiter-engine\5.8.2\junit-jupiter-engine-5.8.2.jar;E:\tool\maven_jar\org\junit\platform\junit-platform-engine\1.8.2\junit-platform-engine-1.8.2.jar;E:\tool\maven_jar\org\mockito\mockito-core\4.0.0\mockito-core-4.0.0.jar;E:\tool\maven_jar\net\bytebuddy\byte-buddy\1.11.22\byte-buddy-1.11.22.jar;E:\tool\maven_jar\net\bytebuddy\byte-buddy-agent\1.11.22\byte-buddy-agent-1.11.22.jar;E:\tool\maven_jar\org\objenesis\objenesis\3.2\objenesis-3.2.jar;E:\tool\maven_jar\org\mockito\mockito-junit-jupiter\4.0.0\mockito-junit-jupiter-4.0.0.jar;E:\tool\maven_jar\org\skyscreamer\jsonassert\1.5.0\jsonassert-1.5.0.jar;E:\tool\maven_jar\com\vaadin\external\google\android-json\0.0.20131108.vaadin1\android-json-0.0.20131108.vaadin1.jar;E:\tool\maven_jar\org\springframework\spring-test\5.3.15\spring-test-5.3.15.jar;E:\tool\maven_jar\org\xmlunit\xmlunit-core\2.8.4\xmlunit-core-2.8.4.jar;E:\tool\maven_jar\com\baomidou\mybatis-plus-boot-starter\3.5.3\mybatis-plus-boot-starter-3.5.3.jar;E:\tool\maven_jar\com\baomidou\mybatis-plus\3.5.3\mybatis-plus-3.5.3.jar;E:\tool\maven_jar\com\baomidou\mybatis-plus-extension\3.5.3\mybatis-plus-extension-3.5.3.jar;E:\tool\maven_jar\com\baomidou\mybatis-plus-core\3.5.3\mybatis-plus-core-3.5.3.jar;E:\tool\maven_jar\com\baomidou\mybatis-plus-annotation\3.5.3\mybatis-plus-annotation-3.5.3.jar;E:\tool\maven_jar\com\github\jsqlparser\jsqlparser\4.4\jsqlparser-4.4.jar;E:\tool\maven_jar\org\mybatis\mybatis\3.5.10\mybatis-3.5.10.jar;E:\tool\maven_jar\org\mybatis\mybatis-spring\2.0.7\mybatis-spring-2.0.7.jar;E:\tool\maven_jar\org\springframework\boot\spring-boot-starter-jdbc\2.6.3\spring-boot-starter-jdbc-2.6.3.jar;E:\tool\maven_jar\com\zaxxer\HikariCP\4.0.3\HikariCP-4.0.3.jar;E:\tool\maven_jar\org\springframework\spring-jdbc\5.3.15\spring-jdbc-5.3.15.jar;E:\tool\maven_jar\org\springframework\spring-tx\5.3.15\spring-tx-5.3.15.jar;E:\tool\maven_jar\org\projectlombok\lombok\1.18.22\lombok-1.18.22.jar;E:\tool\maven_jar\com\mysql\mysql-connector-j\8.0.31\mysql-connector-j-8.0.31.jar;E:\tool\maven_jar\com\google\protobuf\protobuf-java\3.19.4\protobuf-java-3.19.4.jar;E:\tool\maven_jar\com\baomidou\mybatis-plus-generator\3.5.3\mybatis-plus-generator-3.5.3.jar;E:\tool\maven_jar\org\freemarker\freemarker\2.3.31\freemarker-2.3.31.jar;E:\tool\maven_jar\com\baomidou\dynamic-datasource-spring-boot-starter\3.6.1\dynamic-datasource-spring-boot-starter-3.6.1.jar;E:\tool\maven_jar\org\springframework\boot\spring-boot-starter-aop\2.6.3\spring-boot-starter-aop-2.6.3.jar;E:\tool\maven_jar\org\springframework\spring-aop\5.3.15\spring-aop-5.3.15.jar;E:\tool\maven_jar\org\aspectj\aspectjweaver\1.9.7\aspectjweaver-1.9.7.jar;E:\tool\maven_jar\com\github\fanzezhen\swager\1.3.3\swager-1.3.3.jar;E:\tool\maven_jar\org\springframework\spring-beans\5.3.15\spring-beans-5.3.15.jar;E:\tool\maven_jar\org\springframework\spring-context\5.3.15\spring-context-5.3.15.jar;E:\tool\maven_jar\org\springframework\spring-expression\5.3.15\spring-expression-5.3.15.jar;E:\tool\maven_jar\org\springframework\spring-webmvc\5.3.15\spring-webmvc-5.3.15.jar;E:\tool\maven_jar\org\springframework\spring-web\5.3.15\spring-web-5.3.15.jar;E:\tool\maven_jar\javax\annotation\javax.annotation-api\1.3.2\javax.annotation-api-1.3.2.jar;E:\tool\maven_jar\io\springfox\springfox-swagger2\2.9.2\springfox-swagger2-2.9.2.jar;E:\tool\maven_jar\io\swagger\swagger-annotations\1.5.20\swagger-annotations-1.5.20.jar;E:\tool\maven_jar\io\swagger\swagger-models\1.5.20\swagger-models-1.5.20.jar;E:\tool\maven_jar\com\fasterxml\jackson\core\jackson-annotations\2.13.1\jackson-annotations-2.13.1.jar;E:\tool\maven_jar\io\springfox\springfox-spi\2.9.2\springfox-spi-2.9.2.jar;E:\tool\maven_jar\io\springfox\springfox-core\2.9.2\springfox-core-2.9.2.jar;E:\tool\maven_jar\io\springfox\springfox-schema\2.9.2\springfox-schema-2.9.2.jar;E:\tool\maven_jar\io\springfox\springfox-swagger-common\2.9.2\springfox-swagger-common-2.9.2.jar;E:\tool\maven_jar\io\springfox\springfox-spring-web\2.9.2\springfox-spring-web-2.9.2.jar;E:\tool\maven_jar\com\google\guava\guava\20.0\guava-20.0.jar;E:\tool\maven_jar\com\fasterxml\classmate\1.5.1\classmate-1.5.1.jar;E:\tool\maven_jar\org\springframework\plugin\spring-plugin-core\1.2.0.RELEASE\spring-plugin-core-1.2.0.RELEASE.jar;E:\tool\maven_jar\org\springframework\plugin\spring-plugin-metadata\1.2.0.RELEASE\spring-plugin-metadata-1.2.0.RELEASE.jar;E:\tool\maven_jar\org\mapstruct\mapstruct\1.2.0.Final\mapstruct-1.2.0.Final.jar;E:\tool\maven_jar\io\springfox\springfox-swagger-ui\2.9.2\springfox-swagger-ui-2.9.2.jar;E:\tool\maven_jar\org\apache\maven\plugins\maven-install-plugin\3.1.0\maven-install-plugin-3.1.0.jar;E:\tool\maven_jar\org\eclipse\aether\aether-util\1.0.0.v20140518\aether-util-1.0.0.v20140518.jar;E:\tool\maven_jar\org\eclipse\aether\aether-api\1.0.0.v20140518\aether-api-1.0.0.v20140518.jar;E:\tool\maven_jar\org\codehaus\plexus\plexus-utils\3.3.0\plexus-utils-3.3.0.jar;"/>
    <property name="java.vm.vendor" value="Oracle Corporation"/>
    <property name="sun.arch.data.model" value="64"/>
    <property name="user.variant" value=""/>
    <property name="java.vendor.url" value="https://openjdk.java.net/"/>
    <property name="user.timezone" value="Asia/Shanghai"/>
    <property name="java.vm.specification.version" value="11"/>
    <property name="os.name" value="Windows 11"/>
    <property name="sun.java.launcher" value="SUN_STANDARD"/>
    <property name="user.country" value="CN"/>
    <property name="sun.boot.library.path" value="E:\tool\jdk-11.0.15\bin"/>
    <property name="sun.java.command" value="C:\Users\honor\AppData\Local\Temp\surefire6555750385045092232\surefirebooter10490584914337111256.jar C:\Users\honor\AppData\Local\Temp\surefire6555750385045092232 2022-12-31T17-12-50_744-jvmRun1 surefire10127022128036182988tmp surefire_015493746101859280186tmp"/>
    <property name="jdk.debug" value="release"/>
    <property name="surefire.test.class.path" value="F:\Java\project\demo\Mybatis-Plus\target\test-classes;F:\Java\project\demo\Mybatis-Plus\target\classes;E:\tool\maven_jar\org\springframework\boot\spring-boot-starter\2.6.3\spring-boot-starter-2.6.3.jar;E:\tool\maven_jar\org\springframework\boot\spring-boot\2.6.3\spring-boot-2.6.3.jar;E:\tool\maven_jar\org\springframework\boot\spring-boot-autoconfigure\2.6.3\spring-boot-autoconfigure-2.6.3.jar;E:\tool\maven_jar\org\springframework\boot\spring-boot-starter-logging\2.6.3\spring-boot-starter-logging-2.6.3.jar;E:\tool\maven_jar\ch\qos\logback\logback-classic\1.2.10\logback-classic-1.2.10.jar;E:\tool\maven_jar\ch\qos\logback\logback-core\1.2.10\logback-core-1.2.10.jar;E:\tool\maven_jar\org\apache\logging\log4j\log4j-to-slf4j\2.17.1\log4j-to-slf4j-2.17.1.jar;E:\tool\maven_jar\org\apache\logging\log4j\log4j-api\2.17.1\log4j-api-2.17.1.jar;E:\tool\maven_jar\org\slf4j\jul-to-slf4j\1.7.33\jul-to-slf4j-1.7.33.jar;E:\tool\maven_jar\jakarta\annotation\jakarta.annotation-api\1.3.5\jakarta.annotation-api-1.3.5.jar;E:\tool\maven_jar\org\springframework\spring-core\5.3.15\spring-core-5.3.15.jar;E:\tool\maven_jar\org\springframework\spring-jcl\5.3.15\spring-jcl-5.3.15.jar;E:\tool\maven_jar\org\yaml\snakeyaml\1.29\snakeyaml-1.29.jar;E:\tool\maven_jar\org\springframework\boot\spring-boot-starter-test\2.6.3\spring-boot-starter-test-2.6.3.jar;E:\tool\maven_jar\org\springframework\boot\spring-boot-test\2.6.3\spring-boot-test-2.6.3.jar;E:\tool\maven_jar\org\springframework\boot\spring-boot-test-autoconfigure\2.6.3\spring-boot-test-autoconfigure-2.6.3.jar;E:\tool\maven_jar\com\jayway\jsonpath\json-path\2.6.0\json-path-2.6.0.jar;E:\tool\maven_jar\net\minidev\json-smart\2.4.7\json-smart-2.4.7.jar;E:\tool\maven_jar\net\minidev\accessors-smart\2.4.7\accessors-smart-2.4.7.jar;E:\tool\maven_jar\org\ow2\asm\asm\9.1\asm-9.1.jar;E:\tool\maven_jar\org\slf4j\slf4j-api\1.7.33\slf4j-api-1.7.33.jar;E:\tool\maven_jar\jakarta\xml\bind\jakarta.xml.bind-api\2.3.3\jakarta.xml.bind-api-2.3.3.jar;E:\tool\maven_jar\jakarta\activation\jakarta.activation-api\1.2.2\jakarta.activation-api-1.2.2.jar;E:\tool\maven_jar\org\assertj\assertj-core\3.21.0\assertj-core-3.21.0.jar;E:\tool\maven_jar\org\hamcrest\hamcrest\2.2\hamcrest-2.2.jar;E:\tool\maven_jar\org\junit\jupiter\junit-jupiter\5.8.2\junit-jupiter-5.8.2.jar;E:\tool\maven_jar\org\junit\jupiter\junit-jupiter-api\5.8.2\junit-jupiter-api-5.8.2.jar;E:\tool\maven_jar\org\opentest4j\opentest4j\1.2.0\opentest4j-1.2.0.jar;E:\tool\maven_jar\org\junit\platform\junit-platform-commons\1.8.2\junit-platform-commons-1.8.2.jar;E:\tool\maven_jar\org\apiguardian\apiguardian-api\1.1.2\apiguardian-api-1.1.2.jar;E:\tool\maven_jar\org\junit\jupiter\junit-jupiter-params\5.8.2\junit-jupiter-params-5.8.2.jar;E:\tool\maven_jar\org\junit\jupiter\junit-jupiter-engine\5.8.2\junit-jupiter-engine-5.8.2.jar;E:\tool\maven_jar\org\junit\platform\junit-platform-engine\1.8.2\junit-platform-engine-1.8.2.jar;E:\tool\maven_jar\org\mockito\mockito-core\4.0.0\mockito-core-4.0.0.jar;E:\tool\maven_jar\net\bytebuddy\byte-buddy\1.11.22\byte-buddy-1.11.22.jar;E:\tool\maven_jar\net\bytebuddy\byte-buddy-agent\1.11.22\byte-buddy-agent-1.11.22.jar;E:\tool\maven_jar\org\objenesis\objenesis\3.2\objenesis-3.2.jar;E:\tool\maven_jar\org\mockito\mockito-junit-jupiter\4.0.0\mockito-junit-jupiter-4.0.0.jar;E:\tool\maven_jar\org\skyscreamer\jsonassert\1.5.0\jsonassert-1.5.0.jar;E:\tool\maven_jar\com\vaadin\external\google\android-json\0.0.20131108.vaadin1\android-json-0.0.20131108.vaadin1.jar;E:\tool\maven_jar\org\springframework\spring-test\5.3.15\spring-test-5.3.15.jar;E:\tool\maven_jar\org\xmlunit\xmlunit-core\2.8.4\xmlunit-core-2.8.4.jar;E:\tool\maven_jar\com\baomidou\mybatis-plus-boot-starter\3.5.3\mybatis-plus-boot-starter-3.5.3.jar;E:\tool\maven_jar\com\baomidou\mybatis-plus\3.5.3\mybatis-plus-3.5.3.jar;E:\tool\maven_jar\com\baomidou\mybatis-plus-extension\3.5.3\mybatis-plus-extension-3.5.3.jar;E:\tool\maven_jar\com\baomidou\mybatis-plus-core\3.5.3\mybatis-plus-core-3.5.3.jar;E:\tool\maven_jar\com\baomidou\mybatis-plus-annotation\3.5.3\mybatis-plus-annotation-3.5.3.jar;E:\tool\maven_jar\com\github\jsqlparser\jsqlparser\4.4\jsqlparser-4.4.jar;E:\tool\maven_jar\org\mybatis\mybatis\3.5.10\mybatis-3.5.10.jar;E:\tool\maven_jar\org\mybatis\mybatis-spring\2.0.7\mybatis-spring-2.0.7.jar;E:\tool\maven_jar\org\springframework\boot\spring-boot-starter-jdbc\2.6.3\spring-boot-starter-jdbc-2.6.3.jar;E:\tool\maven_jar\com\zaxxer\HikariCP\4.0.3\HikariCP-4.0.3.jar;E:\tool\maven_jar\org\springframework\spring-jdbc\5.3.15\spring-jdbc-5.3.15.jar;E:\tool\maven_jar\org\springframework\spring-tx\5.3.15\spring-tx-5.3.15.jar;E:\tool\maven_jar\org\projectlombok\lombok\1.18.22\lombok-1.18.22.jar;E:\tool\maven_jar\com\mysql\mysql-connector-j\8.0.31\mysql-connector-j-8.0.31.jar;E:\tool\maven_jar\com\google\protobuf\protobuf-java\3.19.4\protobuf-java-3.19.4.jar;E:\tool\maven_jar\com\baomidou\mybatis-plus-generator\3.5.3\mybatis-plus-generator-3.5.3.jar;E:\tool\maven_jar\org\freemarker\freemarker\2.3.31\freemarker-2.3.31.jar;E:\tool\maven_jar\com\baomidou\dynamic-datasource-spring-boot-starter\3.6.1\dynamic-datasource-spring-boot-starter-3.6.1.jar;E:\tool\maven_jar\org\springframework\boot\spring-boot-starter-aop\2.6.3\spring-boot-starter-aop-2.6.3.jar;E:\tool\maven_jar\org\springframework\spring-aop\5.3.15\spring-aop-5.3.15.jar;E:\tool\maven_jar\org\aspectj\aspectjweaver\1.9.7\aspectjweaver-1.9.7.jar;E:\tool\maven_jar\com\github\fanzezhen\swager\1.3.3\swager-1.3.3.jar;E:\tool\maven_jar\org\springframework\spring-beans\5.3.15\spring-beans-5.3.15.jar;E:\tool\maven_jar\org\springframework\spring-context\5.3.15\spring-context-5.3.15.jar;E:\tool\maven_jar\org\springframework\spring-expression\5.3.15\spring-expression-5.3.15.jar;E:\tool\maven_jar\org\springframework\spring-webmvc\5.3.15\spring-webmvc-5.3.15.jar;E:\tool\maven_jar\org\springframework\spring-web\5.3.15\spring-web-5.3.15.jar;E:\tool\maven_jar\javax\annotation\javax.annotation-api\1.3.2\javax.annotation-api-1.3.2.jar;E:\tool\maven_jar\io\springfox\springfox-swagger2\2.9.2\springfox-swagger2-2.9.2.jar;E:\tool\maven_jar\io\swagger\swagger-annotations\1.5.20\swagger-annotations-1.5.20.jar;E:\tool\maven_jar\io\swagger\swagger-models\1.5.20\swagger-models-1.5.20.jar;E:\tool\maven_jar\com\fasterxml\jackson\core\jackson-annotations\2.13.1\jackson-annotations-2.13.1.jar;E:\tool\maven_jar\io\springfox\springfox-spi\2.9.2\springfox-spi-2.9.2.jar;E:\tool\maven_jar\io\springfox\springfox-core\2.9.2\springfox-core-2.9.2.jar;E:\tool\maven_jar\io\springfox\springfox-schema\2.9.2\springfox-schema-2.9.2.jar;E:\tool\maven_jar\io\springfox\springfox-swagger-common\2.9.2\springfox-swagger-common-2.9.2.jar;E:\tool\maven_jar\io\springfox\springfox-spring-web\2.9.2\springfox-spring-web-2.9.2.jar;E:\tool\maven_jar\com\google\guava\guava\20.0\guava-20.0.jar;E:\tool\maven_jar\com\fasterxml\classmate\1.5.1\classmate-1.5.1.jar;E:\tool\maven_jar\org\springframework\plugin\spring-plugin-core\1.2.0.RELEASE\spring-plugin-core-1.2.0.RELEASE.jar;E:\tool\maven_jar\org\springframework\plugin\spring-plugin-metadata\1.2.0.RELEASE\spring-plugin-metadata-1.2.0.RELEASE.jar;E:\tool\maven_jar\org\mapstruct\mapstruct\1.2.0.Final\mapstruct-1.2.0.Final.jar;E:\tool\maven_jar\io\springfox\springfox-swagger-ui\2.9.2\springfox-swagger-ui-2.9.2.jar;E:\tool\maven_jar\org\apache\maven\plugins\maven-install-plugin\3.1.0\maven-install-plugin-3.1.0.jar;E:\tool\maven_jar\org\eclipse\aether\aether-util\1.0.0.v20140518\aether-util-1.0.0.v20140518.jar;E:\tool\maven_jar\org\eclipse\aether\aether-api\1.0.0.v20140518\aether-api-1.0.0.v20140518.jar;E:\tool\maven_jar\org\codehaus\plexus\plexus-utils\3.3.0\plexus-utils-3.3.0.jar;"/>
    <property name="sun.cpu.endian" value="little"/>
    <property name="user.home" value="C:\Users\honor"/>
    <property name="user.language" value="zh"/>
    <property name="java.specification.vendor" value="Oracle Corporation"/>
    <property name="java.version.date" value="2022-04-19"/>
    <property name="java.home" value="E:\tool\jdk-11.0.15"/>
    <property name="file.separator" value="\"/>
    <property name="basedir" value="F:\Java\project\demo\Mybatis-Plus"/>
    <property name="java.vm.compressedOopsMode" value="Zero based"/>
    <property name="line.separator" value="&#10;"/>
    <property name="java.specification.name" value="Java Platform API Specification"/>
    <property name="java.vm.specification.vendor" value="Oracle Corporation"/>
    <property name="java.awt.graphicsenv" value="sun.awt.Win32GraphicsEnvironment"/>
    <property name="surefire.real.class.path" value="C:\Users\honor\AppData\Local\Temp\surefire6555750385045092232\surefirebooter10490584914337111256.jar"/>
    <property name="user.script" value=""/>
    <property name="sun.management.compiler" value="HotSpot 64-Bit Tiered Compilers"/>
    <property name="java.runtime.version" value="11.0.15+8-LTS-149"/>
    <property name="user.name" value="honor"/>
    <property name="path.separator" value=";"/>
    <property name="os.version" value="10.0"/>
    <property name="java.runtime.name" value="Java(TM) SE Runtime Environment"/>
    <property name="file.encoding" value="GBK"/>
    <property name="java.vm.name" value="Java HotSpot(TM) 64-Bit Server VM"/>
    <property name="java.vendor.version" value="18.9"/>
    <property name="localRepository" value="E:\tool\maven_jar"/>
    <property name="java.vendor.url.bug" value="https://bugreport.java.com/bugreport/"/>
    <property name="java.io.tmpdir" value="C:\Users\honor\AppData\Local\Temp\"/>
    <property name="java.version" value="11.0.15"/>
    <property name="user.dir" value="F:\Java\project\demo\Mybatis-Plus"/>
    <property name="os.arch" value="amd64"/>
    <property name="java.vm.specification.name" value="Java Virtual Machine Specification"/>
    <property name="java.awt.printerjob" value="sun.awt.windows.WPrinterJob"/>
    <property name="sun.os.patch.level" value=""/>
    <property name="java.library.path" value="E:\tool\jdk-11.0.15\bin;C:\WINDOWS\Sun\Java\bin;C:\WINDOWS\system32;C:\WINDOWS;E:\tool\Git\mingw64\bin;E:\tool\Git\usr\bin;C:\Users\honor\bin;D:\develop\IntelliJ IDEA 2019.2\jbr\bin;D:\develop\IntelliJ IDEA 2019.2\jbr\bin\server;D:\develop\IntelliJ IDEA 2019.2\jbr\bin;D:\develop\IntelliJ IDEA 2019.2\jbr\bin\server;D:\develop\IntelliJ IDEA 2019.2\jbr\bin;D:\develop\IntelliJ IDEA 2019.2\jbr\bin\server;E:\tool\VMware Workstation\bin;E:\tool\jdk-11.0.15\bin;E:\tool\jdk-11.0.15\jre\bin;E:\tool\jdk1.8.0_131\bin;E:\tool\jdk1.8.0_131\jre\bin;C:\WINDOWS\system32;C:\WINDOWS;C:\WINDOWS\System32\Wbem;C:\WINDOWS\System32\WindowsPowerShell\v1.0;C:\WINDOWS\System32\OpenSSH;E:\tool\maven3.6.0\bin;E:\tool\nodejs;E:\tool\nodejs\node_global;C:\Users\honor\AppData\Local\Microsoft\WindowsApps;C:\Users\honor\AppData\Roaming\npm;E:\tool\nodejs\node_global;."/>
    <property name="java.vendor" value="Oracle Corporation"/>
    <property name="java.vm.info" value="mixed mode"/>
    <property name="java.vm.version" value="11.0.15+8-LTS-149"/>
    <property name="sun.io.unicode.encoding" value="UnicodeLittle"/>
    <property name="java.class.version" value="55.0"/>
  </properties>
  <testcase name="test" classname="com.honor.mybatisplus.FastAutoGeneratorTest" time="0.609"/>
</testsuite>